<?xml version="1.0" encoding="UTF-8"?>
<!-- Generated by org.testng.reporters.JUnitReportReporter -->
<testsuite skipped="0" hostname="Nhats-iMac.local" name="com.test.DemoB" tests="1" failures="0" timestamp="2020-05-19T11:43:50 ICT" time="5.198" errors="0">
  <testcase name="run" time="5.198" classname="com.test.DemoB"/>
  <system-out>
The browser is opened now The browser is maximized The Google website is opened The data "BYE" is entered  </system-out>
</testsuite> <!-- com.test.DemoB -->
