<?xml version="1.0" encoding="UTF-8"?>
<!-- Generated by org.testng.reporters.JUnitReportReporter -->
<testsuite skipped="0" hostname="Nhats-iMac.local" name="com.test.DemoA" tests="1" failures="0" timestamp="2020-05-19T11:42:50 ICT" time="3.622" errors="0">
  <testcase name="run" time="3.622" classname="com.test.DemoA"/>
  <system-out>
The browser is opened now The browser is maximized The Google website is opened The data "HI" is entered  </system-out>
</testsuite> <!-- com.test.DemoA -->
