<?xml version="1.0" encoding="UTF-8"?>
<!-- Generated by org.testng.reporters.JUnitReportReporter -->
<testsuite skipped="0" hostname="Nhats-iMac.local" name="autotest.FirstTestNGFile" tests="1" failures="0" timestamp="2020-05-12T11:23:55 ICT" time="10.291" errors="0">
  <testcase name="verifyHomepageTitle" time="10.291" classname="autotest.FirstTestNGFile"/>
  <system-out/>
</testsuite> <!-- autotest.FirstTestNGFile -->
