<?xml version="1.0" encoding="UTF-8"?>
<!-- Generated by org.testng.reporters.JUnitReportReporter -->
<testsuite hostname="Nhats-iMac.local" name="example.NewTest" tests="1" failures="0" timestamp="13 May 2020 02:33:39 GMT" time="7.937" errors="0">
  <testcase name="testEasy" time="7.937" classname="example.NewTest"/>
</testsuite> <!-- example.NewTest -->
