<?xml version="1.0" encoding="UTF-8"?>
<!-- Generated by org.testng.reporters.JUnitReportReporter -->
<testsuite hostname="Nhats-iMac.local" name="example.NewTest" tests="1" failures="0" timestamp="18 May 2020 09:04:16 GMT" time="8.454" errors="0">
  <testcase name="testEasy" time="8.454" classname="example.NewTest"/>
</testsuite> <!-- example.NewTest -->
