<?xml version="1.0" encoding="UTF-8"?>
<!-- Generated by org.testng.reporters.JUnitReportReporter -->
<testsuite skipped="0" hostname="Nhats-iMac.local" name="autotest.TestMultipleSession" tests="1" failures="0" timestamp="2020-05-19T09:08:42 ICT" time="10.771" errors="0">
  <testcase name="executeSessionTwo" time="10.771" classname="autotest.TestMultipleSession"/>
  <system-out/>
</testsuite> <!-- autotest.TestMultipleSession -->
