<?xml version="1.0" encoding="UTF-8"?>
<!-- Generated by org.testng.reporters.JUnitReportReporter -->
<testsuite skipped="0" hostname="Nhats-iMac.local" name="parameters.ParameterByMethodInDataprovider" tests="6" failures="0" timestamp="2020-05-20T14:49:02 ICT" time="18.767" errors="0">
  <testcase name="testMethodA" time="3.205" classname="parameters.ParameterByMethodInDataprovider"/>
  <system-out/>
  <testcase name="testMethodB" time="3.118" classname="parameters.ParameterByMethodInDataprovider"/>
  <system-out/>
  <testcase name="testMethodB" time="3.106" classname="parameters.ParameterByMethodInDataprovider"/>
  <system-out/>
  <testcase name="testMethodA" time="3.107" classname="parameters.ParameterByMethodInDataprovider"/>
  <system-out/>
  <testcase name="testMethodA" time="3.117" classname="parameters.ParameterByMethodInDataprovider"/>
  <system-out/>
  <testcase name="testMethodB" time="3.114" classname="parameters.ParameterByMethodInDataprovider"/>
  <system-out/>
</testsuite> <!-- parameters.ParameterByMethodInDataprovider -->
