<?xml version="1.0" encoding="UTF-8"?>
<!-- Generated by org.testng.reporters.JUnitReportReporter -->
<testsuite skipped="0" hostname="Nhats-iMac.local" name="parameters.ParameterByDataprovider" tests="3" failures="0" timestamp="2020-05-20T14:21:25 ICT" time="9.494" errors="0">
  <testcase name="testMethod" time="3.277" classname="parameters.ParameterByDataprovider"/>
  <system-out/>
  <testcase name="testMethod" time="3.104" classname="parameters.ParameterByDataprovider"/>
  <system-out/>
  <testcase name="testMethod" time="3.113" classname="parameters.ParameterByDataprovider"/>
  <system-out/>
</testsuite> <!-- parameters.ParameterByDataprovider -->
