<?xml version="1.0" encoding="UTF-8"?>
<!-- Generated by org.testng.reporters.JUnitReportReporter -->
<testsuite hostname="Nhats-iMac.local" name="test.Test99GuruLoginWithPageFactory" tests="1" failures="0" timestamp="20 May 2020 04:54:27 GMT" time="2.398" errors="0">
  <testcase name="test_Home_Page_Appear_Correct" time="2.398" classname="test.Test99GuruLoginWithPageFactory"/>
</testsuite> <!-- test.Test99GuruLoginWithPageFactory -->
