<?xml version="1.0" encoding="UTF-8"?>
<!-- Generated by org.testng.reporters.JUnitReportReporter -->
<testsuite hostname="Nhats-iMac.local" name="test.Test99GuruLogin" tests="1" failures="0" timestamp="20 May 2020 04:54:00 GMT" time="4.443" errors="0">
  <testcase name="test_Home_Page_Appear_Correct" time="4.443" classname="test.Test99GuruLogin"/>
</testsuite> <!-- test.Test99GuruLogin -->
