<?xml version="1.0" encoding="UTF-8"?>
<!-- Generated by org.testng.reporters.JUnitReportReporter -->
<testsuite skipped="0" hostname="Nhats-iMac.local" name="autotest.testGuru99TakeScreenShot" tests="1" failures="0" timestamp="2020-05-25T17:31:14 ICT" time="9.306" errors="0">
  <testcase name="testGuru99TakeScreenShot" time="9.306" classname="autotest.testGuru99TakeScreenShot"/>
  <system-out/>
</testsuite> <!-- autotest.testGuru99TakeScreenShot -->
